{
  "stats": {
    "suites": 1,
    "tests": 4,
    "passes": 4,
    "pending": 0,
    "failures": 0,
    "start": "2021-11-25T19:49:30.203Z",
    "end": "2021-11-25T19:51:25.157Z",
    "duration": 114954,
    "testsRegistered": 4,
    "passPercent": 100,
    "pendingPercent": 0,
    "other": 0,
    "hasOther": false,
    "skipped": 0,
    "hasSkipped": false
  },
  "results": [
    {
      "uuid": "4d0b4c37-c2f3-4be7-9247-94733dd591c9",
      "title": "",
      "fullFile": "cypress/integration/smartComerciLoginTest.spec.js",
      "file": "cypress/integration/smartComerciLoginTest.spec.js",
      "beforeHooks": [],
      "afterHooks": [],
      "tests": [],
      "suites": [
        {
          "uuid": "d793d11a-3ee2-4e53-95eb-d26192d0530c",
          "title": "Teste de login SmartComerci",
          "fullFile": "",
          "file": "",
          "beforeHooks": [],
          "afterHooks": [],
          "tests": [
            {
              "title": "Verificar os itens de cadastro e cadastrar um usuario",
              "fullTitle": "Teste de login SmartComerci Verificar os itens de cadastro e cadastrar um usuario",
              "timedOut": null,
              "duration": 17608,
              "state": "passed",
              "speed": "slow",
              "pass": true,
              "fail": false,
              "pending": false,
              "context": null,
              "code": "_homeLoginFrontEnd.default.validarElementos();",
              "err": {},
              "uuid": "3b9b0838-8e92-4dd7-90ae-22aca95491f4",
              "parentUUID": "d793d11a-3ee2-4e53-95eb-d26192d0530c",
              "isHook": false,
              "skipped": false
            },
            {
              "title": "Cadastrar um usuario",
              "fullTitle": "Teste de login SmartComerci Cadastrar um usuario",
              "timedOut": null,
              "duration": 32244,
              "state": "passed",
              "speed": "slow",
              "pass": true,
              "fail": false,
              "pending": false,
              "context": null,
              "code": "_homeLoginFrontEnd.default.cadastrarUmUsuarioPessoaFisica();",
              "err": {},
              "uuid": "01462385-5f33-4498-8b76-03abd7d4c5dd",
              "parentUUID": "d793d11a-3ee2-4e53-95eb-d26192d0530c",
              "isHook": false,
              "skipped": false
            },
            {
              "title": "Cadastrar um usuario sem senha",
              "fullTitle": "Teste de login SmartComerci Cadastrar um usuario sem senha",
              "timedOut": null,
              "duration": 21480,
              "state": "passed",
              "speed": "slow",
              "pass": true,
              "fail": false,
              "pending": false,
              "context": null,
              "code": "_homeLoginFrontEnd.default.loginInvalidoSemSenha();",
              "err": {},
              "uuid": "fa90bedb-6c26-453d-a180-c93c6cfd457d",
              "parentUUID": "d793d11a-3ee2-4e53-95eb-d26192d0530c",
              "isHook": false,
              "skipped": false
            },
            {
              "title": "Cadastrar uma pessoa juridica",
              "fullTitle": "Teste de login SmartComerci Cadastrar uma pessoa juridica",
              "timedOut": null,
              "duration": 30337,
              "state": "passed",
              "speed": "slow",
              "pass": true,
              "fail": false,
              "pending": false,
              "context": null,
              "code": "_homeLoginFrontEnd.default.cadastarUmaPessoaJuridica();",
              "err": {},
              "uuid": "ac8bca65-b1f5-46f3-9962-0ec88a225ab7",
              "parentUUID": "d793d11a-3ee2-4e53-95eb-d26192d0530c",
              "isHook": false,
              "skipped": false
            }
          ],
          "suites": [],
          "passes": [
            "3b9b0838-8e92-4dd7-90ae-22aca95491f4",
            "01462385-5f33-4498-8b76-03abd7d4c5dd",
            "fa90bedb-6c26-453d-a180-c93c6cfd457d",
            "ac8bca65-b1f5-46f3-9962-0ec88a225ab7"
          ],
          "failures": [],
          "pending": [],
          "skipped": [],
          "duration": 101669,
          "root": false,
          "rootEmpty": false,
          "_timeout": 2000
        }
      ],
      "passes": [],
      "failures": [],
      "pending": [],
      "skipped": [],
      "duration": 0,
      "root": true,
      "rootEmpty": true,
      "_timeout": 2000
    }
  ],
  "meta": {
    "mocha": {
      "version": "7.0.1"
    },
    "mochawesome": {
      "options": {
        "quiet": false,
        "reportFilename": "mochawesome",
        "saveHtml": false,
        "saveJson": true,
        "consoleReporter": "spec",
        "useInlineDiffs": false,
        "code": true
      },
      "version": "7.0.1"
    },
    "marge": {
      "options": {
        "reportDir": "cypress/report/mochawesome-report",
        "overwrite": false,
        "html": false,
        "json": true,
        "timestamp": "yyyymmdd_HHMMss",
        "reportTitles": "relatorio",
        "cdn": true,
        "charts": true
      },
      "version": "6.0.1"
    }
  }
}