{
  "stats": {
    "suites": 1,
    "tests": 1,
    "passes": 1,
    "pending": 0,
    "failures": 0,
    "start": "2021-11-25T14:51:45.027Z",
    "end": "2021-11-25T14:52:12.341Z",
    "duration": 27314,
    "testsRegistered": 1,
    "passPercent": 100,
    "pendingPercent": 0,
    "other": 0,
    "hasOther": false,
    "skipped": 0,
    "hasSkipped": false
  },
  "results": [
    {
      "uuid": "bb14ebd7-1944-4ea1-ba49-0d17598efc43",
      "title": "",
      "fullFile": "cypress/integration/smartComerciLogintest.spec.js",
      "file": "cypress/integration/smartComerciLogintest.spec.js",
      "beforeHooks": [],
      "afterHooks": [],
      "tests": [],
      "suites": [
        {
          "uuid": "afbae4be-ab15-4e5f-aef7-cb06332fba4b",
          "title": "Teste da Home Smartcomerci ",
          "fullFile": "",
          "file": "",
          "beforeHooks": [],
          "afterHooks": [],
          "tests": [
            {
              "title": "Cadastrar um usuario",
              "fullTitle": "Teste da Home Smartcomerci  Cadastrar um usuario",
              "timedOut": null,
              "duration": 20033,
              "state": "passed",
              "speed": "slow",
              "pass": true,
              "fail": false,
              "pending": false,
              "context": null,
              "code": "_homeLoginFrontEnd.default.cadastrarUmUsuarioPessoaFisica();",
              "err": {},
              "uuid": "f2124dee-28c3-4633-affa-d047fd6fb0cb",
              "parentUUID": "afbae4be-ab15-4e5f-aef7-cb06332fba4b",
              "isHook": false,
              "skipped": false
            }
          ],
          "suites": [],
          "passes": [
            "f2124dee-28c3-4633-affa-d047fd6fb0cb"
          ],
          "failures": [],
          "pending": [],
          "skipped": [],
          "duration": 20033,
          "root": false,
          "rootEmpty": false,
          "_timeout": 2000
        }
      ],
      "passes": [],
      "failures": [],
      "pending": [],
      "skipped": [],
      "duration": 0,
      "root": true,
      "rootEmpty": true,
      "_timeout": 2000
    }
  ],
  "meta": {
    "mocha": {
      "version": "7.0.1"
    },
    "mochawesome": {
      "options": {
        "quiet": false,
        "reportFilename": "mochawesome",
        "saveHtml": false,
        "saveJson": true,
        "consoleReporter": "spec",
        "useInlineDiffs": false,
        "code": true
      },
      "version": "7.0.1"
    },
    "marge": {
      "options": {
        "reportDir": "cypress/report/mochawesome-report",
        "overwrite": false,
        "html": false,
        "json": true,
        "timestamp": "yyyymmdd_HHMMss",
        "reportTitles": "relatorio",
        "cdn": true,
        "charts": true
      },
      "version": "6.0.1"
    }
  }
}