{
  "stats": {
    "suites": 1,
    "tests": 1,
    "passes": 1,
    "pending": 0,
    "failures": 0,
    "start": "2021-11-25T19:46:00.484Z",
    "end": "2021-11-25T19:47:32.163Z",
    "duration": 91679,
    "testsRegistered": 1,
    "passPercent": 100,
    "pendingPercent": 0,
    "other": 0,
    "hasOther": false,
    "skipped": 0,
    "hasSkipped": false
  },
  "results": [
    {
      "uuid": "0a588acc-6162-4dc3-a7b1-46b2d25ad59e",
      "title": "",
      "fullFile": "cypress/integration/smartComerciCompraTest.spec.js",
      "file": "cypress/integration/smartComerciCompraTest.spec.js",
      "beforeHooks": [],
      "afterHooks": [],
      "tests": [],
      "suites": [
        {
          "uuid": "2f11b602-afec-4654-bbb5-efbd5a8c999a",
          "title": "Teste de compra SmartComerci ",
          "fullFile": "",
          "file": "",
          "beforeHooks": [],
          "afterHooks": [],
          "tests": [
            {
              "title": "Logar e comprar um produto",
              "fullTitle": "Teste de compra SmartComerci  Logar e comprar um produto",
              "timedOut": null,
              "duration": 79708,
              "state": "passed",
              "speed": "slow",
              "pass": true,
              "fail": false,
              "pending": false,
              "context": null,
              "code": "_homeLoginFrontEnd.default.cadastrarUmUsuarioPessoaFisica();\n_homeLoginFrontEnd.default.comprando();",
              "err": {},
              "uuid": "41f8f679-2863-49b8-a899-2d31378d53d7",
              "parentUUID": "2f11b602-afec-4654-bbb5-efbd5a8c999a",
              "isHook": false,
              "skipped": false
            }
          ],
          "suites": [],
          "passes": [
            "41f8f679-2863-49b8-a899-2d31378d53d7"
          ],
          "failures": [],
          "pending": [],
          "skipped": [],
          "duration": 79708,
          "root": false,
          "rootEmpty": false,
          "_timeout": 2000
        }
      ],
      "passes": [],
      "failures": [],
      "pending": [],
      "skipped": [],
      "duration": 0,
      "root": true,
      "rootEmpty": true,
      "_timeout": 2000
    }
  ],
  "meta": {
    "mocha": {
      "version": "7.0.1"
    },
    "mochawesome": {
      "options": {
        "quiet": false,
        "reportFilename": "mochawesome",
        "saveHtml": false,
        "saveJson": true,
        "consoleReporter": "spec",
        "useInlineDiffs": false,
        "code": true
      },
      "version": "7.0.1"
    },
    "marge": {
      "options": {
        "reportDir": "cypress/report/mochawesome-report",
        "overwrite": false,
        "html": false,
        "json": true,
        "timestamp": "yyyymmdd_HHMMss",
        "reportTitles": "relatorio",
        "cdn": true,
        "charts": true
      },
      "version": "6.0.1"
    }
  }
}