{
  "stats": {
    "suites": 1,
    "tests": 2,
    "passes": 2,
    "pending": 0,
    "failures": 0,
    "start": "2021-11-25T19:47:38.876Z",
    "end": "2021-11-25T19:49:02.316Z",
    "duration": 83440,
    "testsRegistered": 2,
    "passPercent": 100,
    "pendingPercent": 0,
    "other": 0,
    "hasOther": false,
    "skipped": 0,
    "hasSkipped": false
  },
  "results": [
    {
      "uuid": "6fbf7850-8f27-4d99-842c-d70c126bba74",
      "title": "",
      "fullFile": "cypress/integration/smartComerciHomeTest.spec.js",
      "file": "cypress/integration/smartComerciHomeTest.spec.js",
      "beforeHooks": [],
      "afterHooks": [],
      "tests": [],
      "suites": [
        {
          "uuid": "77c42f43-705d-49b4-a232-5f722f70b134",
          "title": "Teste da Home Smartcomerci ",
          "fullFile": "",
          "file": "",
          "beforeHooks": [],
          "afterHooks": [],
          "tests": [
            {
              "title": "Verifica o funcionamento das abas de produtos",
              "fullTitle": "Teste da Home Smartcomerci  Verifica o funcionamento das abas de produtos",
              "timedOut": null,
              "duration": 50636,
              "state": "passed",
              "speed": "slow",
              "pass": true,
              "fail": false,
              "pending": false,
              "context": null,
              "code": "_homeFront.default.validarAbadeProdutos();",
              "err": {},
              "uuid": "1e307da1-cc79-4628-9bf9-17b3d08c1ce7",
              "parentUUID": "77c42f43-705d-49b4-a232-5f722f70b134",
              "isHook": false,
              "skipped": false
            },
            {
              "title": "Adiciona produtos ao carrinho e limpa o mesmo",
              "fullTitle": "Teste da Home Smartcomerci  Adiciona produtos ao carrinho e limpa o mesmo",
              "timedOut": null,
              "duration": 28618,
              "state": "passed",
              "speed": "slow",
              "pass": true,
              "fail": false,
              "pending": false,
              "context": null,
              "code": "_homeFront.default.adicionareLimparCarrinho();",
              "err": {},
              "uuid": "a88d2b5a-a6d7-4616-b016-088da3edb63e",
              "parentUUID": "77c42f43-705d-49b4-a232-5f722f70b134",
              "isHook": false,
              "skipped": false
            }
          ],
          "suites": [],
          "passes": [
            "1e307da1-cc79-4628-9bf9-17b3d08c1ce7",
            "a88d2b5a-a6d7-4616-b016-088da3edb63e"
          ],
          "failures": [],
          "pending": [],
          "skipped": [],
          "duration": 79254,
          "root": false,
          "rootEmpty": false,
          "_timeout": 2000
        }
      ],
      "passes": [],
      "failures": [],
      "pending": [],
      "skipped": [],
      "duration": 0,
      "root": true,
      "rootEmpty": true,
      "_timeout": 2000
    }
  ],
  "meta": {
    "mocha": {
      "version": "7.0.1"
    },
    "mochawesome": {
      "options": {
        "quiet": false,
        "reportFilename": "mochawesome",
        "saveHtml": false,
        "saveJson": true,
        "consoleReporter": "spec",
        "useInlineDiffs": false,
        "code": true
      },
      "version": "7.0.1"
    },
    "marge": {
      "options": {
        "reportDir": "cypress/report/mochawesome-report",
        "overwrite": false,
        "html": false,
        "json": true,
        "timestamp": "yyyymmdd_HHMMss",
        "reportTitles": "relatorio",
        "cdn": true,
        "charts": true
      },
      "version": "6.0.1"
    }
  }
}